TN:
SF:app.js
FN:27,(anonymous_0)
FN:33,(anonymous_1)
FN:37,(anonymous_2)
FN:46,(anonymous_3)
FN:61,(anonymous_4)
FNF:5
FNH:2
FNDA:1,(anonymous_0)
FNDA:0,(anonymous_1)
FNDA:2,(anonymous_2)
FNDA:0,(anonymous_3)
FNDA:0,(anonymous_4)
DA:1,1
DA:2,1
DA:3,1
DA:4,1
DA:5,1
DA:6,1
DA:7,1
DA:8,1
DA:9,1
DA:10,1
DA:11,1
DA:14,1
DA:15,1
DA:17,1
DA:19,1
DA:23,1
DA:25,1
DA:28,1
DA:33,0
DA:37,1
DA:38,2
DA:39,2
DA:40,2
DA:44,1
DA:46,1
DA:48,0
DA:52,1
DA:53,1
DA:55,1
DA:56,1
DA:57,1
DA:61,1
DA:62,0
DA:63,0
DA:64,0
DA:67,1
LF:36
LH:31
BRDA:19,0,0,1
BRDA:19,0,1,0
BRDA:63,1,0,0
BRDA:63,1,1,0
BRF:4
BRH:1
end_of_record
TN:
SF:logger.js
FN:7,(anonymous_0)
FN:13,(anonymous_1)
FN:15,(anonymous_2)
FN:17,(anonymous_3)
FN:22,(anonymous_4)
FNF:5
FNH:4
FNDA:2,(anonymous_0)
FNDA:2,(anonymous_1)
FNDA:0,(anonymous_2)
FNDA:2,(anonymous_3)
FNDA:2,(anonymous_4)
DA:1,1
DA:2,1
DA:3,1
DA:4,1
DA:7,1
DA:8,2
DA:9,2
DA:13,1
DA:14,2
DA:15,0
DA:17,2
DA:18,2
DA:22,2
DA:24,1
LF:14
LH:13
BRDA:14,0,0,0
BRDA:14,0,1,2
BRF:2
BRH:1
end_of_record
TN:
SF:controllers\books_controller.js
FN:6,(anonymous_0)
FN:9,(anonymous_1)
FN:13,(anonymous_2)
FN:19,(anonymous_3)
FN:47,(anonymous_4)
FN:49,(anonymous_5)
FN:65,(anonymous_6)
FN:67,(anonymous_7)
FN:72,(anonymous_8)
FN:74,(anonymous_9)
FN:87,(anonymous_10)
FN:93,(anonymous_11)
FNF:12
FNH:0
FNDA:0,(anonymous_0)
FNDA:0,(anonymous_1)
FNDA:0,(anonymous_2)
FNDA:0,(anonymous_3)
FNDA:0,(anonymous_4)
FNDA:0,(anonymous_5)
FNDA:0,(anonymous_6)
FNDA:0,(anonymous_7)
FNDA:0,(anonymous_8)
FNDA:0,(anonymous_9)
FNDA:0,(anonymous_10)
FNDA:0,(anonymous_11)
DA:3,1
DA:6,1
DA:8,0
DA:10,0
DA:13,1
DA:18,0
DA:20,0
DA:47,1
DA:48,0
DA:50,0
DA:65,1
DA:66,0
DA:68,0
DA:72,1
DA:73,0
DA:75,0
DA:87,1
DA:91,0
DA:94,0
DA:98,1
LF:20
LH:8
BRF:0
BRH:0
end_of_record
TN:
SF:controllers\categories_controller.js
FN:3,(anonymous_0)
FN:5,(anonymous_1)
FN:11,(anonymous_2)
FN:13,(anonymous_3)
FN:19,(anonymous_4)
FN:21,(anonymous_5)
FN:27,(anonymous_6)
FN:30,(anonymous_7)
FN:36,(anonymous_8)
FN:41,(anonymous_9)
FN:47,(anonymous_10)
FN:49,(anonymous_11)
FNF:12
FNH:0
FNDA:0,(anonymous_0)
FNDA:0,(anonymous_1)
FNDA:0,(anonymous_2)
FNDA:0,(anonymous_3)
FNDA:0,(anonymous_4)
FNDA:0,(anonymous_5)
FNDA:0,(anonymous_6)
FNDA:0,(anonymous_7)
FNDA:0,(anonymous_8)
FNDA:0,(anonymous_9)
FNDA:0,(anonymous_10)
FNDA:0,(anonymous_11)
DA:1,1
DA:3,1
DA:4,0
DA:6,0
DA:11,1
DA:12,0
DA:14,0
DA:19,1
DA:20,0
DA:22,0
DA:27,1
DA:28,0
DA:31,0
DA:36,1
DA:37,0
DA:42,0
DA:47,1
DA:48,0
DA:50,0
DA:55,1
LF:20
LH:8
BRF:0
BRH:0
end_of_record
TN:
SF:controllers\reviews_controller.js
FN:3,(anonymous_0)
FN:5,(anonymous_1)
FN:11,(anonymous_2)
FN:13,(anonymous_3)
FN:22,(anonymous_4)
FN:27,(anonymous_5)
FN:29,(anonymous_6)
FN:31,(anonymous_7)
FN:41,(anonymous_8)
FN:43,(anonymous_9)
FN:44,(anonymous_10)
FN:50,(anonymous_11)
FN:52,(anonymous_12)
FN:58,(anonymous_13)
FN:67,(anonymous_14)
FN:73,(anonymous_15)
FN:75,(anonymous_16)
FN:82,(anonymous_17)
FN:85,(anonymous_18)
FNF:19
FNH:0
FNDA:0,(anonymous_0)
FNDA:0,(anonymous_1)
FNDA:0,(anonymous_2)
FNDA:0,(anonymous_3)
FNDA:0,(anonymous_4)
FNDA:0,(anonymous_5)
FNDA:0,(anonymous_6)
FNDA:0,(anonymous_7)
FNDA:0,(anonymous_8)
FNDA:0,(anonymous_9)
FNDA:0,(anonymous_10)
FNDA:0,(anonymous_11)
FNDA:0,(anonymous_12)
FNDA:0,(anonymous_13)
FNDA:0,(anonymous_14)
FNDA:0,(anonymous_15)
FNDA:0,(anonymous_16)
FNDA:0,(anonymous_17)
FNDA:0,(anonymous_18)
DA:1,1
DA:3,1
DA:4,0
DA:6,0
DA:11,1
DA:12,0
DA:17,0
DA:21,0
DA:22,0
DA:27,1
DA:28,0
DA:30,0
DA:31,0
DA:41,1
DA:42,0
DA:44,0
DA:45,0
DA:50,1
DA:51,0
DA:53,0
DA:54,0
DA:55,0
DA:56,0
DA:58,0
DA:59,0
DA:60,0
DA:61,0
DA:64,0
DA:66,0
DA:67,0
DA:73,1
DA:74,0
DA:76,0
DA:77,0
DA:78,0
DA:79,0
DA:81,0
DA:82,0
DA:84,0
DA:85,0
DA:91,1
LF:41
LH:8
BRDA:54,0,0,0
BRDA:54,0,1,0
BRDA:59,1,0,0
BRDA:59,1,1,0
BRDA:60,2,0,0
BRDA:60,2,1,0
BRDA:77,3,0,0
BRDA:77,3,1,0
BRF:8
BRH:0
end_of_record
TN:
SF:example\example.js
FN:1,reverse
FN:7,sum
FNF:2
FNH:1
FNDA:3,reverse
FNDA:0,sum
DA:2,3
DA:8,0
DA:11,1
LF:3
LH:2
BRF:0
BRH:0
end_of_record
TN:
SF:middleware\auth.js
FN:3,(anonymous_0)
FN:12,(anonymous_1)
FN:19,(anonymous_2)
FN:28,(anonymous_3)
FNF:4
FNH:0
FNDA:0,(anonymous_0)
FNDA:0,(anonymous_1)
FNDA:0,(anonymous_2)
FNDA:0,(anonymous_3)
DA:1,1
DA:3,1
DA:4,0
DA:5,0
DA:6,0
DA:7,0
DA:10,0
DA:11,0
DA:12,0
DA:13,0
DA:14,0
DA:15,0
DA:19,1
DA:20,0
DA:21,0
DA:22,0
DA:23,0
DA:25,0
DA:28,1
DA:29,0
DA:30,0
DA:32,0
DA:33,0
DA:36,1
LF:24
LH:5
BRDA:4,0,0,0
BRDA:4,0,1,0
BRDA:13,1,0,0
BRDA:13,1,1,0
BRDA:20,2,0,0
BRDA:20,2,1,0
BRDA:29,3,0,0
BRDA:29,3,1,0
BRDA:29,4,0,0
BRDA:29,4,1,0
BRF:10
BRH:0
end_of_record
TN:
SF:middleware\upload.js
FN:5,(anonymous_0)
FN:8,(anonymous_1)
FN:14,(anonymous_2)
FNF:3
FNH:0
FNDA:0,(anonymous_0)
FNDA:0,(anonymous_1)
FNDA:0,(anonymous_2)
DA:1,1
DA:2,1
DA:4,1
DA:6,0
DA:9,0
DA:10,0
DA:14,1
DA:15,0
DA:16,0
DA:18,0
DA:21,1
DA:27,1
LF:12
LH:6
BRDA:15,0,0,0
BRDA:15,0,1,0
BRF:2
BRH:0
end_of_record
TN:
SF:models\Book.js
FNF:0
FNH:0
DA:1,1
DA:3,1
DA:19,1
DA:35,1
LF:4
LH:4
BRF:0
BRH:0
end_of_record
TN:
SF:models\Category.js
FNF:0
FNH:0
DA:1,1
DA:3,1
DA:15,1
LF:3
LH:3
BRF:0
BRH:0
end_of_record
TN:
SF:models\Profile.js
FNF:0
FNH:0
DA:1,1
DA:3,1
DA:22,1
LF:3
LH:3
BRF:0
BRH:0
end_of_record
TN:
SF:models\User.js
FNF:0
FNH:0
DA:1,1
DA:3,1
DA:21,1
LF:3
LH:3
BRF:0
BRH:0
end_of_record
TN:
SF:routes\book-routes.js
FN:16,(anonymous_0)
FN:26,(anonymous_1)
FN:32,(anonymous_2)
FNF:3
FNH:0
FNDA:0,(anonymous_0)
FNDA:0,(anonymous_1)
FNDA:0,(anonymous_2)
DA:1,1
DA:2,1
DA:3,1
DA:4,1
DA:5,1
DA:7,1
DA:13,1
DA:17,0
DA:22,1
DA:26,0
DA:29,1
DA:32,0
DA:36,1
LF:13
LH:10
BRF:0
BRH:0
end_of_record
TN:
SF:routes\category-routes.js
FN:8,(anonymous_0)
FN:14,(anonymous_1)
FNF:2
FNH:0
FNDA:0,(anonymous_0)
FNDA:0,(anonymous_1)
DA:1,1
DA:2,1
DA:3,1
DA:5,1
DA:8,0
DA:11,1
DA:14,0
DA:17,1
LF:8
LH:6
BRF:0
BRH:0
end_of_record
TN:
SF:routes\profile-routes.js
FN:8,(anonymous_0)
FN:10,(anonymous_1)
FN:15,(anonymous_2)
FN:25,(anonymous_3)
FNF:4
FNH:0
FNDA:0,(anonymous_0)
FNDA:0,(anonymous_1)
FNDA:0,(anonymous_2)
FNDA:0,(anonymous_3)
DA:1,1
DA:2,1
DA:3,1
DA:5,1
DA:7,1
DA:9,0
DA:11,0
DA:19,0
DA:24,0
DA:26,0
DA:30,1
LF:11
LH:6
BRF:0
BRH:0
end_of_record
TN:
SF:routes\user-routes.js
FN:8,(anonymous_0)
FN:10,(anonymous_1)
FN:16,(anonymous_2)
FN:24,(anonymous_3)
FN:38,(anonymous_4)
FN:40,(anonymous_5)
FN:46,(anonymous_6)
FN:58,(anonymous_7)
FNF:8
FNH:8
FNDA:1,(anonymous_0)
FNDA:1,(anonymous_1)
FNDA:1,(anonymous_2)
FNDA:1,(anonymous_3)
FNDA:1,(anonymous_4)
FNDA:1,(anonymous_5)
FNDA:1,(anonymous_6)
FNDA:1,(anonymous_7)
DA:1,1
DA:2,1
DA:3,1
DA:4,1
DA:6,1
DA:8,1
DA:9,1
DA:11,1
DA:12,0
DA:13,0
DA:14,0
DA:16,1
DA:17,1
DA:18,1
DA:19,1
DA:20,1
DA:21,1
DA:22,1
DA:25,1
DA:38,1
DA:39,1
DA:41,1
DA:42,0
DA:43,0
DA:44,0
DA:46,1
DA:47,1
DA:48,1
DA:49,0
DA:50,0
DA:51,0
DA:53,1
DA:58,1
DA:59,1
DA:60,1
DA:70,1
LF:36
LH:27
BRDA:11,0,0,0
BRDA:11,0,1,1
BRDA:17,1,0,0
BRDA:17,1,1,1
BRDA:21,2,0,0
BRDA:21,2,1,1
BRDA:41,3,0,0
BRDA:41,3,1,1
BRDA:47,4,0,0
BRDA:47,4,1,1
BRDA:48,5,0,0
BRDA:48,5,1,1
BRDA:59,6,0,0
BRDA:59,6,1,1
BRF:14
BRH:7
end_of_record
